Arguments: 
  C:\Program Files\nodejs\node.exe C:\Users\Bot\AppData\Roaming\npm\node_modules\yarn\bin\yarn.js install

PATH: 
  C:\Program Files (x86)\VMware\VMware Workstation\bin\;C:\WINDOWS\system32;C:\WINDOWS;C:\WINDOWS\System32\Wbem;C:\WINDOWS\System32\WindowsPowerShell\v1.0\;C:\WINDOWS\System32\OpenSSH\;C:\Program Files\Git\cmd;C:\Program Files\Microsoft SQL Server\120\Tools\Binn\;C:\Program Files\Microsoft SQL Server\130\Tools\Binn\;C:\Program Files (x86)\Microsoft SQL Server\100\Tools\Binn\;C:\Program Files\Microsoft SQL Server\100\Tools\Binn\;C:\Program Files\Microsoft SQL Server\100\DTS\Binn\;d:\Devs\apktool\;d:\Devs\flutter_sdk\bin\;C:\Program Files\Microsoft\Web Platform Installer\;C:\Program Files (x86)\Microsoft ASP.NET\ASP.NET Web Pages\v1.0\;C:\Program Files\Microsoft SQL Server\110\Tools\Binn\;C:\Program Files (x86)\Microsoft SQL Server\90\Tools\binn\;C:\Program Files\nodejs\;C:\Program Files (x86)\Bitvise SSH Client;C:\xampp\php;C:\composer;C:\Program Files\PuTTY\;C:\Program Files\PostgreSQL\13\bin;C:\WINDOWS\system32\config\systemprofile\.dnx\bin;C:\Program Files\Microsoft DNX\Dnvm\;C:\Ruby27-x64\bin;C:\Users\Bot\AppData\Local\Programs\Python\Python38\Scripts\;C:\Users\Bot\AppData\Local\Programs\Python\Python38\;C:\Users\Bot\AppData\Local\Microsoft\WindowsApps;C:\Users\Bot\AppData\Local\Programs\Microsoft VS Code\bin;D:\Devs\flutter_sdk\bin;C:\Program Files\Java\jdk-12.0.2\bin;C:\Users\Bot\AppData\Roaming\npm;C:\Users\Bot\AppData\Local\GitHubDesktop\bin;C:\Users\Bot\AppData\Roaming\Composer\vendor\bin

Yarn version: 
  1.22.11

Node version: 
  14.15.3

Platform: 
  win32 x64

Trace: 
  Error: https://github.com/Digital-MOB-Filecoin/filecoin-signing-tools-js: ESOCKETTIMEDOUT
      at ClientRequest.<anonymous> (C:\Users\Bot\AppData\Roaming\npm\node_modules\yarn\lib\cli.js:141390:19)
      at Object.onceWrapper (events.js:421:28)
      at ClientRequest.emit (events.js:315:20)
      at TLSSocket.emitRequestTimeout (_http_client.js:784:9)
      at Object.onceWrapper (events.js:421:28)
      at TLSSocket.emit (events.js:327:22)
      at TLSSocket.Socket._onTimeout (net.js:483:8)
      at listOnTimeout (internal/timers.js:554:17)
      at processTimers (internal/timers.js:497:7)

npm manifest: 
  {
    "name": "BENEFITS",
    "version": "0.0.1",
    "description": "",
    "private": true,
    "dependencies": {
      "@binance-chain/bsc-connector": "1.0.0",
      "@craco/craco": "^6.1.2",
      "@ethersproject/address": "^5.3.0",
      "@ethersproject/bignumber": "^5.3.0",
      "@ethersproject/constants": "^5.3.0",
      "@ethersproject/contracts": "^5.3.0",
      "@ethersproject/providers": "^5.3.0",
      "@headlessui/react": "~1.4.2",
      "@material-ui/core": "^4.11.4",
      "@pancakeswap/sdk": "2.4.0",
      "@reduxjs/toolkit": "1.3.5",
      "@testing-library/jest-dom": "^5.12.0",
      "@testing-library/react": "^11.2.7",
      "@testing-library/user-event": "^12.8.3",
      "@types/jest": "~27.0.1",
      "@types/node": "~16.9.4",
      "@types/react": "~17.0.22",
      "@types/react-dom": "~17.0.9",
      "@uniswap/token-lists": "1.0.0-beta.16",
      "@web3-react/core": "^6.1.9",
      "@web3-react/injected-connector": "^6.0.7",
      "@web3-react/walletconnect-connector": "6.2.4",
      "chart.js": "^3.3.2",
      "eslint-config-react-app": "~6.0.0",
      "ethers": "^5.3.0",
      "history": "^5.0.0",
      "lodash.flatmap": "^4.5.0",
      "moment": "~2.29.1",
      "react": "^17.0.2",
      "react-chartjs-2": "^3.0.3",
      "react-device-detect": "~1.17.0",
      "react-dom": "^17.0.2",
      "react-icons": "^4.3.1",
      "react-moment": "~1.1.1",
      "react-redux": "^7.2.4",
      "react-router-dom": "^5.2.0",
      "react-scripts": "4.0.3",
      "react-intl": "5.20.7",
      "redux": "^4.1.0",
      "redux-localstorage-simple": "^2.4.1",
      "styled-components": "^5.3.0",
      "typescript": "~4.4.3",
      "web-vitals": "^1.1.2",
      "web3": "^1.3.6",
      "react-pro-sidebar": "^0.7.1",
      "react-particles-js": "^2.1.0",
      "@react-hook/window-size": "^3.0.7",
      "react-charts": "^2.0.0-beta.7",
      "react-collapsible": "^2.8.4",
      "react-progressbar-fancy": "^1.1.4"
    },
    "scripts": {
      "start": "craco start",
      "build": "craco build",
      "test": "craco test",
      "eject": "react-scripts eject",
      "lint": "eslint src/**/*.js"
    },
    "eslintConfig": {
      "extends": [
        "react-app",
        "react-app/jest"
      ]
    },
    "browserslist": {
      "production": [
        ">0.2%",
        "not dead",
        "not op_mini all"
      ],
      "development": [
        "last 1 chrome version",
        "last 1 firefox version",
        "last 1 safari version"
      ]
    },
    "devDependencies": {
      "autoprefixer": "^9.8.6",
      "eslint": "^7.28.0",
      "eslint-plugin-jest": "^24.3.6",
      "eslint-plugin-react": "^7.24.0",
      "eslint-plugin-testing-library": "^4.6.0",
      "postcss": "^7.0.35",
      "tailwindcss": "npm:@tailwindcss/postcss7-compat@^2.1.2"
    },
    "repository": {
      "type": "git",
      "url": "git+https://github.com/safepanda/human.git"
    },
    "author": "Safepanda <hi@safepanda.net> (https://human.eco)",
    "license": "ISC",
    "bugs": {
      "url": "https://github.com/safepanda/human/issues"
    }
  }

yarn manifest: 
  No manifest

Lockfile: 
  No lockfile
